<?xml version="1.0" encoding="UTF-8"?>
<testsuite xmlns:xsi="http://www.w3.org/2001/XMLSchema-instance" xsi:noNamespaceSchemaLocation="https://maven.apache.org/surefire/maven-surefire-plugin/xsd/surefire-test-report.xsd" name="leslie.information_system.InformationSystemApplicationTests" time="6.613" tests="1" errors="0" skipped="0" failures="0">
  <properties>
    <property name="gopherProxySet" value="false"/>
    <property name="awt.toolkit" value="sun.lwawt.macosx.LWCToolkit"/>
    <property name="file.encoding.pkg" value="sun.io"/>
    <property name="java.specification.version" value="1.8"/>
    <property name="sun.cpu.isalist" value=""/>
    <property name="sun.jnu.encoding" value="UTF-8"/>
    <property name="java.class.path" value="/Users/air/IdeaProjects/information_system/target/test-classes:/Users/air/IdeaProjects/information_system/target/classes:/Users/air/myRepository/org/springframework/boot/spring-boot-starter-jdbc/2.2.7.RELEASE/spring-boot-starter-jdbc-2.2.7.RELEASE.jar:/Users/air/myRepository/org/springframework/boot/spring-boot-starter/2.2.7.RELEASE/spring-boot-starter-2.2.7.RELEASE.jar:/Users/air/myRepository/org/springframework/boot/spring-boot-starter-logging/2.2.7.RELEASE/spring-boot-starter-logging-2.2.7.RELEASE.jar:/Users/air/myRepository/ch/qos/logback/logback-classic/1.2.3/logback-classic-1.2.3.jar:/Users/air/myRepository/ch/qos/logback/logback-core/1.2.3/logback-core-1.2.3.jar:/Users/air/myRepository/org/apache/logging/log4j/log4j-to-slf4j/2.12.1/log4j-to-slf4j-2.12.1.jar:/Users/air/myRepository/org/apache/logging/log4j/log4j-api/2.12.1/log4j-api-2.12.1.jar:/Users/air/myRepository/org/slf4j/jul-to-slf4j/1.7.30/jul-to-slf4j-1.7.30.jar:/Users/air/myRepository/jakarta/annotation/jakarta.annotation-api/1.3.5/jakarta.annotation-api-1.3.5.jar:/Users/air/myRepository/org/yaml/snakeyaml/1.25/snakeyaml-1.25.jar:/Users/air/myRepository/com/zaxxer/HikariCP/3.4.3/HikariCP-3.4.3.jar:/Users/air/myRepository/org/slf4j/slf4j-api/1.7.30/slf4j-api-1.7.30.jar:/Users/air/myRepository/org/springframework/spring-jdbc/5.2.6.RELEASE/spring-jdbc-5.2.6.RELEASE.jar:/Users/air/myRepository/org/springframework/spring-beans/5.2.6.RELEASE/spring-beans-5.2.6.RELEASE.jar:/Users/air/myRepository/org/springframework/spring-tx/5.2.6.RELEASE/spring-tx-5.2.6.RELEASE.jar:/Users/air/myRepository/org/springframework/boot/spring-boot-starter-mail/2.2.7.RELEASE/spring-boot-starter-mail-2.2.7.RELEASE.jar:/Users/air/myRepository/org/springframework/spring-context-support/5.2.6.RELEASE/spring-context-support-5.2.6.RELEASE.jar:/Users/air/myRepository/org/springframework/spring-context/5.2.6.RELEASE/spring-context-5.2.6.RELEASE.jar:/Users/air/myRepository/com/sun/mail/jakarta.mail/1.6.5/jakarta.mail-1.6.5.jar:/Users/air/myRepository/com/sun/activation/jakarta.activation/1.2.2/jakarta.activation-1.2.2.jar:/Users/air/myRepository/org/springframework/boot/spring-boot-starter-thymeleaf/2.2.7.RELEASE/spring-boot-starter-thymeleaf-2.2.7.RELEASE.jar:/Users/air/myRepository/org/thymeleaf/thymeleaf-spring5/3.0.11.RELEASE/thymeleaf-spring5-3.0.11.RELEASE.jar:/Users/air/myRepository/org/thymeleaf/thymeleaf/3.0.11.RELEASE/thymeleaf-3.0.11.RELEASE.jar:/Users/air/myRepository/org/attoparser/attoparser/2.0.5.RELEASE/attoparser-2.0.5.RELEASE.jar:/Users/air/myRepository/org/unbescape/unbescape/1.1.6.RELEASE/unbescape-1.1.6.RELEASE.jar:/Users/air/myRepository/org/thymeleaf/extras/thymeleaf-extras-java8time/3.0.4.RELEASE/thymeleaf-extras-java8time-3.0.4.RELEASE.jar:/Users/air/myRepository/org/springframework/boot/spring-boot-starter-web/2.2.7.RELEASE/spring-boot-starter-web-2.2.7.RELEASE.jar:/Users/air/myRepository/org/springframework/boot/spring-boot-starter-json/2.2.7.RELEASE/spring-boot-starter-json-2.2.7.RELEASE.jar:/Users/air/myRepository/com/fasterxml/jackson/core/jackson-databind/2.10.4/jackson-databind-2.10.4.jar:/Users/air/myRepository/com/fasterxml/jackson/core/jackson-annotations/2.10.4/jackson-annotations-2.10.4.jar:/Users/air/myRepository/com/fasterxml/jackson/core/jackson-core/2.10.4/jackson-core-2.10.4.jar:/Users/air/myRepository/com/fasterxml/jackson/datatype/jackson-datatype-jdk8/2.10.4/jackson-datatype-jdk8-2.10.4.jar:/Users/air/myRepository/com/fasterxml/jackson/datatype/jackson-datatype-jsr310/2.10.4/jackson-datatype-jsr310-2.10.4.jar:/Users/air/myRepository/com/fasterxml/jackson/module/jackson-module-parameter-names/2.10.4/jackson-module-parameter-names-2.10.4.jar:/Users/air/myRepository/org/springframework/boot/spring-boot-starter-tomcat/2.2.7.RELEASE/spring-boot-starter-tomcat-2.2.7.RELEASE.jar:/Users/air/myRepository/org/apache/tomcat/embed/tomcat-embed-core/9.0.34/tomcat-embed-core-9.0.34.jar:/Users/air/myRepository/org/apache/tomcat/embed/tomcat-embed-el/9.0.34/tomcat-embed-el-9.0.34.jar:/Users/air/myRepository/org/apache/tomcat/embed/tomcat-embed-websocket/9.0.34/tomcat-embed-websocket-9.0.34.jar:/Users/air/myRepository/org/springframework/boot/spring-boot-starter-validation/2.2.7.RELEASE/spring-boot-starter-validation-2.2.7.RELEASE.jar:/Users/air/myRepository/jakarta/validation/jakarta.validation-api/2.0.2/jakarta.validation-api-2.0.2.jar:/Users/air/myRepository/org/hibernate/validator/hibernate-validator/6.0.19.Final/hibernate-validator-6.0.19.Final.jar:/Users/air/myRepository/org/jboss/logging/jboss-logging/3.4.1.Final/jboss-logging-3.4.1.Final.jar:/Users/air/myRepository/com/fasterxml/classmate/1.5.1/classmate-1.5.1.jar:/Users/air/myRepository/org/springframework/spring-web/5.2.6.RELEASE/spring-web-5.2.6.RELEASE.jar:/Users/air/myRepository/org/springframework/spring-webmvc/5.2.6.RELEASE/spring-webmvc-5.2.6.RELEASE.jar:/Users/air/myRepository/org/springframework/spring-aop/5.2.6.RELEASE/spring-aop-5.2.6.RELEASE.jar:/Users/air/myRepository/org/springframework/spring-expression/5.2.6.RELEASE/spring-expression-5.2.6.RELEASE.jar:/Users/air/myRepository/org/mybatis/spring/boot/mybatis-spring-boot-starter/2.1.2/mybatis-spring-boot-starter-2.1.2.jar:/Users/air/myRepository/org/mybatis/spring/boot/mybatis-spring-boot-autoconfigure/2.1.2/mybatis-spring-boot-autoconfigure-2.1.2.jar:/Users/air/myRepository/org/mybatis/mybatis/3.5.4/mybatis-3.5.4.jar:/Users/air/myRepository/org/mybatis/mybatis-spring/2.0.4/mybatis-spring-2.0.4.jar:/Users/air/myRepository/org/springframework/boot/spring-boot-devtools/2.2.7.RELEASE/spring-boot-devtools-2.2.7.RELEASE.jar:/Users/air/myRepository/org/springframework/boot/spring-boot/2.2.7.RELEASE/spring-boot-2.2.7.RELEASE.jar:/Users/air/myRepository/org/springframework/boot/spring-boot-autoconfigure/2.2.7.RELEASE/spring-boot-autoconfigure-2.2.7.RELEASE.jar:/Users/air/myRepository/mysql/mysql-connector-java/8.0.20/mysql-connector-java-8.0.20.jar:/Users/air/myRepository/org/springframework/boot/spring-boot-starter-test/2.2.7.RELEASE/spring-boot-starter-test-2.2.7.RELEASE.jar:/Users/air/myRepository/org/springframework/boot/spring-boot-test/2.2.7.RELEASE/spring-boot-test-2.2.7.RELEASE.jar:/Users/air/myRepository/org/springframework/boot/spring-boot-test-autoconfigure/2.2.7.RELEASE/spring-boot-test-autoconfigure-2.2.7.RELEASE.jar:/Users/air/myRepository/com/jayway/jsonpath/json-path/2.4.0/json-path-2.4.0.jar:/Users/air/myRepository/net/minidev/json-smart/2.3/json-smart-2.3.jar:/Users/air/myRepository/net/minidev/accessors-smart/1.2/accessors-smart-1.2.jar:/Users/air/myRepository/org/ow2/asm/asm/5.0.4/asm-5.0.4.jar:/Users/air/myRepository/jakarta/xml/bind/jakarta.xml.bind-api/2.3.3/jakarta.xml.bind-api-2.3.3.jar:/Users/air/myRepository/jakarta/activation/jakarta.activation-api/1.2.2/jakarta.activation-api-1.2.2.jar:/Users/air/myRepository/org/junit/jupiter/junit-jupiter/5.5.2/junit-jupiter-5.5.2.jar:/Users/air/myRepository/org/junit/jupiter/junit-jupiter-api/5.5.2/junit-jupiter-api-5.5.2.jar:/Users/air/myRepository/org/apiguardian/apiguardian-api/1.1.0/apiguardian-api-1.1.0.jar:/Users/air/myRepository/org/opentest4j/opentest4j/1.2.0/opentest4j-1.2.0.jar:/Users/air/myRepository/org/junit/platform/junit-platform-commons/1.5.2/junit-platform-commons-1.5.2.jar:/Users/air/myRepository/org/junit/jupiter/junit-jupiter-params/5.5.2/junit-jupiter-params-5.5.2.jar:/Users/air/myRepository/org/junit/jupiter/junit-jupiter-engine/5.5.2/junit-jupiter-engine-5.5.2.jar:/Users/air/myRepository/org/junit/platform/junit-platform-engine/1.5.2/junit-platform-engine-1.5.2.jar:/Users/air/myRepository/org/mockito/mockito-junit-jupiter/3.1.0/mockito-junit-jupiter-3.1.0.jar:/Users/air/myRepository/org/assertj/assertj-core/3.13.2/assertj-core-3.13.2.jar:/Users/air/myRepository/org/hamcrest/hamcrest/2.1/hamcrest-2.1.jar:/Users/air/myRepository/org/mockito/mockito-core/3.1.0/mockito-core-3.1.0.jar:/Users/air/myRepository/net/bytebuddy/byte-buddy/1.10.10/byte-buddy-1.10.10.jar:/Users/air/myRepository/net/bytebuddy/byte-buddy-agent/1.10.10/byte-buddy-agent-1.10.10.jar:/Users/air/myRepository/org/objenesis/objenesis/2.6/objenesis-2.6.jar:/Users/air/myRepository/org/skyscreamer/jsonassert/1.5.0/jsonassert-1.5.0.jar:/Users/air/myRepository/com/vaadin/external/google/android-json/0.0.20131108.vaadin1/android-json-0.0.20131108.vaadin1.jar:/Users/air/myRepository/org/springframework/spring-core/5.2.6.RELEASE/spring-core-5.2.6.RELEASE.jar:/Users/air/myRepository/org/springframework/spring-jcl/5.2.6.RELEASE/spring-jcl-5.2.6.RELEASE.jar:/Users/air/myRepository/org/springframework/spring-test/5.2.6.RELEASE/spring-test-5.2.6.RELEASE.jar:/Users/air/myRepository/org/xmlunit/xmlunit-core/2.6.4/xmlunit-core-2.6.4.jar:/Users/air/myRepository/org/webjars/jquery/3.5.1/jquery-3.5.1.jar:/Users/air/myRepository/org/webjars/bootstrap/3.3.7/bootstrap-3.3.7.jar:"/>
    <property name="java.vm.vendor" value="Oracle Corporation"/>
    <property name="sun.arch.data.model" value="64"/>
    <property name="java.vendor.url" value="http://java.oracle.com/"/>
    <property name="user.timezone" value=""/>
    <property name="java.vm.specification.version" value="1.8"/>
    <property name="os.name" value="Mac OS X"/>
    <property name="user.country" value="CN"/>
    <property name="sun.java.launcher" value="SUN_STANDARD"/>
    <property name="sun.boot.library.path" value="/Library/Java/JavaVirtualMachines/jdk1.8.0_212.jdk/Contents/Home/jre/lib"/>
    <property name="sun.java.command" value="/Users/air/IdeaProjects/information_system/target/surefire/surefirebooter1320535241655665455.jar /Users/air/IdeaProjects/information_system/target/surefire 2020-06-04T11-10-22_950-jvmRun1 surefire8503784941971079086tmp surefire_07396126066130276955tmp"/>
    <property name="http.nonProxyHosts" value="local|*.local|169.254/16|*.169.254/16"/>
    <property name="surefire.test.class.path" value="/Users/air/IdeaProjects/information_system/target/test-classes:/Users/air/IdeaProjects/information_system/target/classes:/Users/air/myRepository/org/springframework/boot/spring-boot-starter-jdbc/2.2.7.RELEASE/spring-boot-starter-jdbc-2.2.7.RELEASE.jar:/Users/air/myRepository/org/springframework/boot/spring-boot-starter/2.2.7.RELEASE/spring-boot-starter-2.2.7.RELEASE.jar:/Users/air/myRepository/org/springframework/boot/spring-boot-starter-logging/2.2.7.RELEASE/spring-boot-starter-logging-2.2.7.RELEASE.jar:/Users/air/myRepository/ch/qos/logback/logback-classic/1.2.3/logback-classic-1.2.3.jar:/Users/air/myRepository/ch/qos/logback/logback-core/1.2.3/logback-core-1.2.3.jar:/Users/air/myRepository/org/apache/logging/log4j/log4j-to-slf4j/2.12.1/log4j-to-slf4j-2.12.1.jar:/Users/air/myRepository/org/apache/logging/log4j/log4j-api/2.12.1/log4j-api-2.12.1.jar:/Users/air/myRepository/org/slf4j/jul-to-slf4j/1.7.30/jul-to-slf4j-1.7.30.jar:/Users/air/myRepository/jakarta/annotation/jakarta.annotation-api/1.3.5/jakarta.annotation-api-1.3.5.jar:/Users/air/myRepository/org/yaml/snakeyaml/1.25/snakeyaml-1.25.jar:/Users/air/myRepository/com/zaxxer/HikariCP/3.4.3/HikariCP-3.4.3.jar:/Users/air/myRepository/org/slf4j/slf4j-api/1.7.30/slf4j-api-1.7.30.jar:/Users/air/myRepository/org/springframework/spring-jdbc/5.2.6.RELEASE/spring-jdbc-5.2.6.RELEASE.jar:/Users/air/myRepository/org/springframework/spring-beans/5.2.6.RELEASE/spring-beans-5.2.6.RELEASE.jar:/Users/air/myRepository/org/springframework/spring-tx/5.2.6.RELEASE/spring-tx-5.2.6.RELEASE.jar:/Users/air/myRepository/org/springframework/boot/spring-boot-starter-mail/2.2.7.RELEASE/spring-boot-starter-mail-2.2.7.RELEASE.jar:/Users/air/myRepository/org/springframework/spring-context-support/5.2.6.RELEASE/spring-context-support-5.2.6.RELEASE.jar:/Users/air/myRepository/org/springframework/spring-context/5.2.6.RELEASE/spring-context-5.2.6.RELEASE.jar:/Users/air/myRepository/com/sun/mail/jakarta.mail/1.6.5/jakarta.mail-1.6.5.jar:/Users/air/myRepository/com/sun/activation/jakarta.activation/1.2.2/jakarta.activation-1.2.2.jar:/Users/air/myRepository/org/springframework/boot/spring-boot-starter-thymeleaf/2.2.7.RELEASE/spring-boot-starter-thymeleaf-2.2.7.RELEASE.jar:/Users/air/myRepository/org/thymeleaf/thymeleaf-spring5/3.0.11.RELEASE/thymeleaf-spring5-3.0.11.RELEASE.jar:/Users/air/myRepository/org/thymeleaf/thymeleaf/3.0.11.RELEASE/thymeleaf-3.0.11.RELEASE.jar:/Users/air/myRepository/org/attoparser/attoparser/2.0.5.RELEASE/attoparser-2.0.5.RELEASE.jar:/Users/air/myRepository/org/unbescape/unbescape/1.1.6.RELEASE/unbescape-1.1.6.RELEASE.jar:/Users/air/myRepository/org/thymeleaf/extras/thymeleaf-extras-java8time/3.0.4.RELEASE/thymeleaf-extras-java8time-3.0.4.RELEASE.jar:/Users/air/myRepository/org/springframework/boot/spring-boot-starter-web/2.2.7.RELEASE/spring-boot-starter-web-2.2.7.RELEASE.jar:/Users/air/myRepository/org/springframework/boot/spring-boot-starter-json/2.2.7.RELEASE/spring-boot-starter-json-2.2.7.RELEASE.jar:/Users/air/myRepository/com/fasterxml/jackson/core/jackson-databind/2.10.4/jackson-databind-2.10.4.jar:/Users/air/myRepository/com/fasterxml/jackson/core/jackson-annotations/2.10.4/jackson-annotations-2.10.4.jar:/Users/air/myRepository/com/fasterxml/jackson/core/jackson-core/2.10.4/jackson-core-2.10.4.jar:/Users/air/myRepository/com/fasterxml/jackson/datatype/jackson-datatype-jdk8/2.10.4/jackson-datatype-jdk8-2.10.4.jar:/Users/air/myRepository/com/fasterxml/jackson/datatype/jackson-datatype-jsr310/2.10.4/jackson-datatype-jsr310-2.10.4.jar:/Users/air/myRepository/com/fasterxml/jackson/module/jackson-module-parameter-names/2.10.4/jackson-module-parameter-names-2.10.4.jar:/Users/air/myRepository/org/springframework/boot/spring-boot-starter-tomcat/2.2.7.RELEASE/spring-boot-starter-tomcat-2.2.7.RELEASE.jar:/Users/air/myRepository/org/apache/tomcat/embed/tomcat-embed-core/9.0.34/tomcat-embed-core-9.0.34.jar:/Users/air/myRepository/org/apache/tomcat/embed/tomcat-embed-el/9.0.34/tomcat-embed-el-9.0.34.jar:/Users/air/myRepository/org/apache/tomcat/embed/tomcat-embed-websocket/9.0.34/tomcat-embed-websocket-9.0.34.jar:/Users/air/myRepository/org/springframework/boot/spring-boot-starter-validation/2.2.7.RELEASE/spring-boot-starter-validation-2.2.7.RELEASE.jar:/Users/air/myRepository/jakarta/validation/jakarta.validation-api/2.0.2/jakarta.validation-api-2.0.2.jar:/Users/air/myRepository/org/hibernate/validator/hibernate-validator/6.0.19.Final/hibernate-validator-6.0.19.Final.jar:/Users/air/myRepository/org/jboss/logging/jboss-logging/3.4.1.Final/jboss-logging-3.4.1.Final.jar:/Users/air/myRepository/com/fasterxml/classmate/1.5.1/classmate-1.5.1.jar:/Users/air/myRepository/org/springframework/spring-web/5.2.6.RELEASE/spring-web-5.2.6.RELEASE.jar:/Users/air/myRepository/org/springframework/spring-webmvc/5.2.6.RELEASE/spring-webmvc-5.2.6.RELEASE.jar:/Users/air/myRepository/org/springframework/spring-aop/5.2.6.RELEASE/spring-aop-5.2.6.RELEASE.jar:/Users/air/myRepository/org/springframework/spring-expression/5.2.6.RELEASE/spring-expression-5.2.6.RELEASE.jar:/Users/air/myRepository/org/mybatis/spring/boot/mybatis-spring-boot-starter/2.1.2/mybatis-spring-boot-starter-2.1.2.jar:/Users/air/myRepository/org/mybatis/spring/boot/mybatis-spring-boot-autoconfigure/2.1.2/mybatis-spring-boot-autoconfigure-2.1.2.jar:/Users/air/myRepository/org/mybatis/mybatis/3.5.4/mybatis-3.5.4.jar:/Users/air/myRepository/org/mybatis/mybatis-spring/2.0.4/mybatis-spring-2.0.4.jar:/Users/air/myRepository/org/springframework/boot/spring-boot-devtools/2.2.7.RELEASE/spring-boot-devtools-2.2.7.RELEASE.jar:/Users/air/myRepository/org/springframework/boot/spring-boot/2.2.7.RELEASE/spring-boot-2.2.7.RELEASE.jar:/Users/air/myRepository/org/springframework/boot/spring-boot-autoconfigure/2.2.7.RELEASE/spring-boot-autoconfigure-2.2.7.RELEASE.jar:/Users/air/myRepository/mysql/mysql-connector-java/8.0.20/mysql-connector-java-8.0.20.jar:/Users/air/myRepository/org/springframework/boot/spring-boot-starter-test/2.2.7.RELEASE/spring-boot-starter-test-2.2.7.RELEASE.jar:/Users/air/myRepository/org/springframework/boot/spring-boot-test/2.2.7.RELEASE/spring-boot-test-2.2.7.RELEASE.jar:/Users/air/myRepository/org/springframework/boot/spring-boot-test-autoconfigure/2.2.7.RELEASE/spring-boot-test-autoconfigure-2.2.7.RELEASE.jar:/Users/air/myRepository/com/jayway/jsonpath/json-path/2.4.0/json-path-2.4.0.jar:/Users/air/myRepository/net/minidev/json-smart/2.3/json-smart-2.3.jar:/Users/air/myRepository/net/minidev/accessors-smart/1.2/accessors-smart-1.2.jar:/Users/air/myRepository/org/ow2/asm/asm/5.0.4/asm-5.0.4.jar:/Users/air/myRepository/jakarta/xml/bind/jakarta.xml.bind-api/2.3.3/jakarta.xml.bind-api-2.3.3.jar:/Users/air/myRepository/jakarta/activation/jakarta.activation-api/1.2.2/jakarta.activation-api-1.2.2.jar:/Users/air/myRepository/org/junit/jupiter/junit-jupiter/5.5.2/junit-jupiter-5.5.2.jar:/Users/air/myRepository/org/junit/jupiter/junit-jupiter-api/5.5.2/junit-jupiter-api-5.5.2.jar:/Users/air/myRepository/org/apiguardian/apiguardian-api/1.1.0/apiguardian-api-1.1.0.jar:/Users/air/myRepository/org/opentest4j/opentest4j/1.2.0/opentest4j-1.2.0.jar:/Users/air/myRepository/org/junit/platform/junit-platform-commons/1.5.2/junit-platform-commons-1.5.2.jar:/Users/air/myRepository/org/junit/jupiter/junit-jupiter-params/5.5.2/junit-jupiter-params-5.5.2.jar:/Users/air/myRepository/org/junit/jupiter/junit-jupiter-engine/5.5.2/junit-jupiter-engine-5.5.2.jar:/Users/air/myRepository/org/junit/platform/junit-platform-engine/1.5.2/junit-platform-engine-1.5.2.jar:/Users/air/myRepository/org/mockito/mockito-junit-jupiter/3.1.0/mockito-junit-jupiter-3.1.0.jar:/Users/air/myRepository/org/assertj/assertj-core/3.13.2/assertj-core-3.13.2.jar:/Users/air/myRepository/org/hamcrest/hamcrest/2.1/hamcrest-2.1.jar:/Users/air/myRepository/org/mockito/mockito-core/3.1.0/mockito-core-3.1.0.jar:/Users/air/myRepository/net/bytebuddy/byte-buddy/1.10.10/byte-buddy-1.10.10.jar:/Users/air/myRepository/net/bytebuddy/byte-buddy-agent/1.10.10/byte-buddy-agent-1.10.10.jar:/Users/air/myRepository/org/objenesis/objenesis/2.6/objenesis-2.6.jar:/Users/air/myRepository/org/skyscreamer/jsonassert/1.5.0/jsonassert-1.5.0.jar:/Users/air/myRepository/com/vaadin/external/google/android-json/0.0.20131108.vaadin1/android-json-0.0.20131108.vaadin1.jar:/Users/air/myRepository/org/springframework/spring-core/5.2.6.RELEASE/spring-core-5.2.6.RELEASE.jar:/Users/air/myRepository/org/springframework/spring-jcl/5.2.6.RELEASE/spring-jcl-5.2.6.RELEASE.jar:/Users/air/myRepository/org/springframework/spring-test/5.2.6.RELEASE/spring-test-5.2.6.RELEASE.jar:/Users/air/myRepository/org/xmlunit/xmlunit-core/2.6.4/xmlunit-core-2.6.4.jar:/Users/air/myRepository/org/webjars/jquery/3.5.1/jquery-3.5.1.jar:/Users/air/myRepository/org/webjars/bootstrap/3.3.7/bootstrap-3.3.7.jar:"/>
    <property name="sun.cpu.endian" value="little"/>
    <property name="user.home" value="/Users/air"/>
    <property name="user.language" value="zh"/>
    <property name="java.specification.vendor" value="Oracle Corporation"/>
    <property name="java.home" value="/Library/Java/JavaVirtualMachines/jdk1.8.0_212.jdk/Contents/Home/jre"/>
    <property name="basedir" value="/Users/air/IdeaProjects/information_system"/>
    <property name="file.separator" value="/"/>
    <property name="line.separator" value="&#10;"/>
    <property name="java.vm.specification.vendor" value="Oracle Corporation"/>
    <property name="java.specification.name" value="Java Platform API Specification"/>
    <property name="java.awt.graphicsenv" value="sun.awt.CGraphicsEnvironment"/>
    <property name="surefire.real.class.path" value="/Users/air/IdeaProjects/information_system/target/surefire/surefirebooter1320535241655665455.jar"/>
    <property name="sun.boot.class.path" value="/Library/Java/JavaVirtualMachines/jdk1.8.0_212.jdk/Contents/Home/jre/lib/resources.jar:/Library/Java/JavaVirtualMachines/jdk1.8.0_212.jdk/Contents/Home/jre/lib/rt.jar:/Library/Java/JavaVirtualMachines/jdk1.8.0_212.jdk/Contents/Home/jre/lib/sunrsasign.jar:/Library/Java/JavaVirtualMachines/jdk1.8.0_212.jdk/Contents/Home/jre/lib/jsse.jar:/Library/Java/JavaVirtualMachines/jdk1.8.0_212.jdk/Contents/Home/jre/lib/jce.jar:/Library/Java/JavaVirtualMachines/jdk1.8.0_212.jdk/Contents/Home/jre/lib/charsets.jar:/Library/Java/JavaVirtualMachines/jdk1.8.0_212.jdk/Contents/Home/jre/lib/jfr.jar:/Library/Java/JavaVirtualMachines/jdk1.8.0_212.jdk/Contents/Home/jre/classes"/>
    <property name="sun.management.compiler" value="HotSpot 64-Bit Tiered Compilers"/>
    <property name="ftp.nonProxyHosts" value="local|*.local|169.254/16|*.169.254/16"/>
    <property name="java.runtime.version" value="1.8.0_212-b10"/>
    <property name="user.name" value="air"/>
    <property name="path.separator" value=":"/>
    <property name="os.version" value="10.15.4"/>
    <property name="java.endorsed.dirs" value="/Library/Java/JavaVirtualMachines/jdk1.8.0_212.jdk/Contents/Home/jre/lib/endorsed"/>
    <property name="java.runtime.name" value="Java(TM) SE Runtime Environment"/>
    <property name="file.encoding" value="UTF-8"/>
    <property name="java.vm.name" value="Java HotSpot(TM) 64-Bit Server VM"/>
    <property name="localRepository" value="/Users/air/myRepository"/>
    <property name="java.vendor.url.bug" value="http://bugreport.sun.com/bugreport/"/>
    <property name="java.io.tmpdir" value="/var/folders/55/nn66k4vj5c5cnmr7tzdtfrn40000gn/T/"/>
    <property name="java.version" value="1.8.0_212"/>
    <property name="user.dir" value="/Users/air/IdeaProjects/information_system"/>
    <property name="os.arch" value="x86_64"/>
    <property name="java.vm.specification.name" value="Java Virtual Machine Specification"/>
    <property name="java.awt.printerjob" value="sun.lwawt.macosx.CPrinterJob"/>
    <property name="sun.os.patch.level" value="unknown"/>
    <property name="java.library.path" value="/Users/air/Library/Java/Extensions:/Library/Java/Extensions:/Network/Library/Java/Extensions:/System/Library/Java/Extensions:/usr/lib/java:."/>
    <property name="idea.version2019.1.4" value="true"/>
    <property name="java.vm.info" value="mixed mode"/>
    <property name="java.vendor" value="Oracle Corporation"/>
    <property name="java.vm.version" value="25.212-b10"/>
    <property name="java.ext.dirs" value="/Users/air/Library/Java/Extensions:/Library/Java/JavaVirtualMachines/jdk1.8.0_212.jdk/Contents/Home/jre/lib/ext:/Library/Java/Extensions:/Network/Library/Java/Extensions:/System/Library/Java/Extensions:/usr/lib/java"/>
    <property name="sun.io.unicode.encoding" value="UnicodeBig"/>
    <property name="java.class.version" value="52.0"/>
    <property name="socksNonProxyHosts" value="local|*.local|169.254/16|*.169.254/16"/>
  </properties>
  <testcase name="contextLoads" classname="leslie.information_system.InformationSystemApplicationTests" time="1.383"/>
</testsuite>